
============================================================
[2026-07-01 11:52:00] 应用启动
  Python: C:\Python314\python.exe
  参数: --hidden
  工作目录: F:\ai\粘贴历史

============================================================
[2026-07-01 11:52:39] 应用启动
  Python: C:\Python314\pythonw.exe
  参数: (无)
  工作目录: F:\ai\粘贴历史

============================================================
[2026-07-01 11:52:49] 应用启动
  Python: C:\Python314\pythonw.exe
  参数: (无)
  工作目录: F:\ai\粘贴历史

============================================================
[2026-07-01 12:02:08] 应用启动
  Python: C:\Python314\python.exe
  参数: --hidden
  工作目录: F:\ai\粘贴历史

============================================================
[2026-07-01 12:02:42] 应用启动
  Python: C:\Python314\pythonw.exe
  参数: (无)
  工作目录: F:\ai\粘贴历史

============================================================
[2026-07-01 12:08:54] 应用启动
  Python: C:\Python314\python.exe
  参数: --hidden
  工作目录: F:\ai\粘贴历史

============================================================
[2026-07-01 12:09:28] 应用启动
  Python: C:\Python314\pythonw.exe
  参数: (无)
  工作目录: F:\ai\粘贴历史

============================================================
[2026-07-01 12:09:40] 应用启动
  Python: C:\Python314\pythonw.exe
  参数: (无)
  工作目录: F:\ai\粘贴历史

============================================================
[2026-07-01 12:10:11] 应用启动
  Python: C:\Python314\pythonw.exe
  参数: (无)
  工作目录: F:\ai\粘贴历史

============================================================
[2026-07-01 12:11:47] 应用启动
  Python: C:\Python314\python.exe
  参数: --hidden
  工作目录: F:\ai\粘贴历史

============================================================
[2026-07-01 12:12:10] 应用启动
  Python: C:\Python314\pythonw.exe
  参数: (无)
  工作目录: F:\ai\粘贴历史

============================================================
[2026-07-01 12:12:22] 应用启动
  Python: C:\Python314\pythonw.exe
  参数: (无)
  工作目录: F:\ai\粘贴历史

============================================================
[2026-07-01 12:14:36] 应用启动
  Python: C:\Python314\pythonw.exe
  参数: (无)
  工作目录: F:\ai\粘贴历史

============================================================
[2026-07-01 12:23:38] 应用启动
  Python: C:\Python314\python.exe
  参数: --hidden
  工作目录: F:\ai\粘贴历史

============================================================
[2026-07-01 12:23:48] 应用启动
  Python: C:\Python314\python.exe
  参数: --hidden
  工作目录: F:\ai\粘贴历史

============================================================
[2026-07-01 12:24:07] 应用启动
  Python: C:\Python314\python.exe
  参数: --hidden
  工作目录: f:\ai\粘贴历史

============================================================
[2026-07-01 12:24:11] 应用启动
  Python: C:\Python314\python.exe
  参数: (无)
  工作目录: f:\ai\粘贴历史

============================================================
[2026-07-01 12:24:36] 应用启动
  Python: C:\Python314\pythonw.exe
  参数: (无)
  工作目录: F:\ai\粘贴历史

============================================================
[2026-07-01 12:24:43] 应用启动
  Python: C:\Python314\pythonw.exe
  参数: (无)
  工作目录: F:\ai\粘贴历史

============================================================
[2026-07-01 12:24:59] 应用启动
  Python: C:\Python314\pythonw.exe
  参数: (无)
  工作目录: F:\ai\粘贴历史

============================================================
[2026-07-01 12:33:55] 应用启动
  Python: C:\Python314\pythonw.exe
  参数: (无)
  工作目录: F:\ai\粘贴历史

============================================================
[2026-07-01 12:39:45] 应用启动
  Python: C:\Python314\pythonw.exe
  参数: (无)
  工作目录: F:\ai\粘贴历史

============================================================
[2026-07-01 13:10:27] 应用启动
  Python: C:\Python314\pythonw.exe
  参数: (无)
  工作目录: F:\ai\粘贴历史

============================================================
[2026-07-01 13:13:15] 应用启动
  Python: C:\Python314\pythonw.exe
  参数: (无)
  工作目录: F:\ai\粘贴历史

============================================================
[2026-07-01 13:19:19] 应用启动
  Python: C:\Python314\pythonw.exe
  参数: (无)
  工作目录: F:\ai\粘贴历史

============================================================
[2026-07-01 13:19:29] 应用启动
  Python: C:\Python314\pythonw.exe
  参数: (无)
  工作目录: F:\ai\粘贴历史

============================================================
[2026-07-01 13:26:54] 应用启动
  Python: C:\Python314\pythonw.exe
  参数: (无)
  工作目录: F:\ai\粘贴历史

============================================================
[2026-07-01 13:29:51] 应用启动
  Python: C:\Python314\pythonw.exe
  参数: (无)
  工作目录: F:\ai\粘贴历史

============================================================
[2026-07-01 13:34:01] 应用启动
  Python: C:\Python314\pythonw.exe
  参数: (无)
  工作目录: F:\ai\粘贴历史

============================================================
[2026-07-01 13:34:38] 应用启动
  Python: C:\Python314\pythonw.exe
  参数: (无)
  工作目录: F:\ai\粘贴历史
